<?xml version="1.0" encoding="UTF-8"?>
<!-- Generated by org.testng.reporters.JUnitXMLReporter -->
<testsuite ignored="0" hostname="LAPTOP-3OP0LBRD" failures="3" tests="4" name="Login Test" time="23.531" errors="0" timestamp="2025-07-06T23:33:26 IST">
  <testcase classname="com.humanresourcedomain.Login_OHRM" name="login" time="2.959">
    <failure type="java.lang.AssertionError" message="expected [true] but found [false]">
      <![CDATA[java.lang.AssertionError: expected [true] but found [false]
at com.humanresourcedomain.Login_OHRM.login(Login_OHRM.java:51)
at java.base/java.util.ArrayList.forEach(ArrayList.java:1597)
... Removed 29 stack frames]]>
    </failure>
  </testcase> <!-- login -->
  <testcase classname="com.humanresourcedomain.Login_OHRM" name="login" time="1.872">
    <failure type="java.lang.AssertionError" message="expected [true] but found [false]">
      <![CDATA[java.lang.AssertionError: expected [true] but found [false]
at com.humanresourcedomain.Login_OHRM.login(Login_OHRM.java:51)
at java.base/java.util.ArrayList.forEach(ArrayList.java:1597)
... Removed 29 stack frames]]>
    </failure>
  </testcase> <!-- login -->
  <testcase classname="com.humanresourcedomain.Login_OHRM" name="login" time="1.828">
    <failure type="java.lang.AssertionError" message="expected [true] but found [false]">
      <![CDATA[java.lang.AssertionError: expected [true] but found [false]
at com.humanresourcedomain.Login_OHRM.login(Login_OHRM.java:51)
at java.base/java.util.ArrayList.forEach(ArrayList.java:1597)
... Removed 29 stack frames]]>
    </failure>
  </testcase> <!-- login -->
  <testcase classname="com.humanresourcedomain.Login_OHRM" name="login" time="2.56"/>
</testsuite> <!-- Login Test -->
