<?xml version="1.0" encoding="UTF-8"?>
<!-- Generated by org.testng.reporters.JUnitXMLReporter -->
<testsuite ignored="0" hostname="LAPTOP-3OP0LBRD" failures="0" tests="5" name="Regression Suite" time="118.075" errors="0" timestamp="2025-07-22T22:16:19 IST">
  <testcase classname="com.Ecomm_revised.TC_Login_Shopping_Checkout" name="login" time="22.088"/>
  <testcase classname="com.Ecomm_revised.TC_Login_Shopping_Checkout" name="productpage" time="15.32"/>
  <testcase classname="com.Ecomm_revised.TC_Login_Shopping_Checkout" name="cart" time="12.379"/>
  <testcase classname="com.Ecomm_revised.TC_Login_Shopping_Checkout" name="checkout" time="9.66"/>
  <testcase classname="com.Ecomm_revised.TC_Login_Shopping_Checkout" name="emptycheckout" time="19.167"/>
</testsuite> <!-- Regression Suite -->
