<?xml version="1.0" encoding="UTF-8"?>
<!-- Generated by org.testng.reporters.JUnitXMLReporter -->
<testsuite ignored="0" hostname="LAPTOP-3OP0LBRD" failures="0" tests="5" name="Default test" time="81.981" errors="0" timestamp="2025-07-22T21:06:38 IST">
  <testcase classname="com.Ecomm_revised.TC_Login_Shopping_Checkout" name="login" time="20.65"/>
  <testcase classname="com.Ecomm_revised.TC_Login_Shopping_Checkout" name="productpage" time="13.837"/>
  <testcase classname="com.Ecomm_revised.TC_Login_Shopping_Checkout" name="cart" time="12.593"/>
  <testcase classname="com.Ecomm_revised.TC_Login_Shopping_Checkout" name="checkout" time="9.694"/>
  <testcase classname="com.Ecomm_revised.TC_Login_Shopping_Checkout" name="emptycheckout" time="19.227"/>
</testsuite> <!-- Default test -->
