<?xml version="1.0" encoding="UTF-8"?>
<testng-results ignored="0" total="1" passed="1" failed="0" skipped="0">
  <reporter-output>
  </reporter-output>
  <suite started-at="2025-07-05T22:49:10 IST" name="Default suite" finished-at="2025-07-05T22:50:08 IST" duration-ms="58521">
    <groups>
    </groups>
    <test started-at="2025-07-05T22:49:10 IST" name="Default test" finished-at="2025-07-05T22:50:08 IST" duration-ms="58521">
      <class name="com.browser.Parallel_Execution">
        <test-method is-config="true" signature="setup(java.lang.String)[pri:0, instance:com.browser.Parallel_Execution@33d512c1]" started-at="2025-07-05T22:49:10 IST" name="setup" finished-at="2025-07-05T22:49:46 IST" duration-ms="35814" status="PASS">
          <params>
            <param index="0">
              <value>
                <![CDATA[edge]]>
              </value>
            </param>
          </params>
          <reporter-output>
          </reporter-output>
        </test-method> <!-- setup -->
        <test-method signature="amazonTest()[pri:0, instance:com.browser.Parallel_Execution@33d512c1]" started-at="2025-07-05T22:49:46 IST" name="amazonTest" finished-at="2025-07-05T22:50:07 IST" duration-ms="21278" status="PASS">
          <reporter-output>
          </reporter-output>
        </test-method> <!-- amazonTest -->
        <test-method is-config="true" signature="tearDown()[pri:0, instance:com.browser.Parallel_Execution@33d512c1]" started-at="2025-07-05T22:50:07 IST" name="tearDown" finished-at="2025-07-05T22:50:08 IST" duration-ms="1370" status="PASS">
          <reporter-output>
          </reporter-output>
        </test-method> <!-- tearDown -->
      </class> <!-- com.browser.Parallel_Execution -->
    </test> <!-- Default test -->
  </suite> <!-- Default suite -->
</testng-results>
