<?xml version="1.0" encoding="UTF-8"?>
<testng-results ignored="0" total="10" passed="10" failed="0" skipped="0">
  <reporter-output>
  </reporter-output>
  <suite started-at="2025-07-02T21:44:14 IST" name="Default suite" finished-at="2025-07-02T21:44:32 IST" duration-ms="17993">
    <groups>
    </groups>
    <test started-at="2025-07-02T21:44:14 IST" name="Default test" finished-at="2025-07-02T21:44:32 IST" duration-ms="17993">
      <class name="com.telecomdomain.Telecomdomainproject">
        <test-method signature="TC01_newuser()[pri:1, instance:com.telecomdomain.Telecomdomainproject@51399530]" started-at="2025-07-02T21:44:14 IST" name="TC01_newuser" finished-at="2025-07-02T21:44:19 IST" duration-ms="5089" status="PASS">
          <reporter-output>
          </reporter-output>
        </test-method> <!-- TC01_newuser -->
        <test-method signature="TC02_getuser()[pri:2, instance:com.telecomdomain.Telecomdomainproject@51399530]" started-at="2025-07-02T21:44:19 IST" name="TC02_getuser" finished-at="2025-07-02T21:44:21 IST" duration-ms="2006" status="PASS">
          <reporter-output>
          </reporter-output>
        </test-method> <!-- TC02_getuser -->
        <test-method signature="TC03_updateuser()[pri:3, instance:com.telecomdomain.Telecomdomainproject@51399530]" started-at="2025-07-02T21:44:21 IST" name="TC03_updateuser" finished-at="2025-07-02T21:44:23 IST" duration-ms="1353" status="PASS">
          <reporter-output>
          </reporter-output>
        </test-method> <!-- TC03_updateuser -->
        <test-method signature="TC04_loginuser()[pri:4, instance:com.telecomdomain.Telecomdomainproject@51399530]" started-at="2025-07-02T21:44:23 IST" name="TC04_loginuser" finished-at="2025-07-02T21:44:24 IST" duration-ms="1555" status="PASS">
          <reporter-output>
          </reporter-output>
        </test-method> <!-- TC04_loginuser -->
        <test-method signature="TC05_addcontact()[pri:5, instance:com.telecomdomain.Telecomdomainproject@51399530]" started-at="2025-07-02T21:44:24 IST" name="TC05_addcontact" finished-at="2025-07-02T21:44:25 IST" duration-ms="1332" status="PASS">
          <reporter-output>
          </reporter-output>
        </test-method> <!-- TC05_addcontact -->
        <test-method signature="TC06_getcontactlist()[pri:6, instance:com.telecomdomain.Telecomdomainproject@51399530]" started-at="2025-07-02T21:44:26 IST" name="TC06_getcontactlist" finished-at="2025-07-02T21:44:27 IST" duration-ms="1286" status="PASS">
          <reporter-output>
          </reporter-output>
        </test-method> <!-- TC06_getcontactlist -->
        <test-method signature="TC07_getcontact()[pri:7, instance:com.telecomdomain.Telecomdomainproject@51399530]" started-at="2025-07-02T21:44:27 IST" name="TC07_getcontact" finished-at="2025-07-02T21:44:28 IST" duration-ms="1567" status="PASS">
          <reporter-output>
          </reporter-output>
        </test-method> <!-- TC07_getcontact -->
        <test-method signature="TC08_updatecontact()[pri:8, instance:com.telecomdomain.Telecomdomainproject@51399530]" started-at="2025-07-02T21:44:28 IST" name="TC08_updatecontact" finished-at="2025-07-02T21:44:30 IST" duration-ms="1248" status="PASS">
          <reporter-output>
          </reporter-output>
        </test-method> <!-- TC08_updatecontact -->
        <test-method signature="TC09_updatecontact()[pri:9, instance:com.telecomdomain.Telecomdomainproject@51399530]" started-at="2025-07-02T21:44:30 IST" name="TC09_updatecontact" finished-at="2025-07-02T21:44:31 IST" duration-ms="1170" status="PASS">
          <reporter-output>
          </reporter-output>
        </test-method> <!-- TC09_updatecontact -->
        <test-method signature="TC10_logoutuser()[pri:10, instance:com.telecomdomain.Telecomdomainproject@51399530]" started-at="2025-07-02T21:44:31 IST" name="TC10_logoutuser" finished-at="2025-07-02T21:44:32 IST" duration-ms="1238" status="PASS">
          <reporter-output>
          </reporter-output>
        </test-method> <!-- TC10_logoutuser -->
      </class> <!-- com.telecomdomain.Telecomdomainproject -->
    </test> <!-- Default test -->
  </suite> <!-- Default suite -->
</testng-results>
