<?xml version="1.0" encoding="UTF-8"?>
<!-- Generated by org.testng.reporters.JUnitReportReporter -->
<testsuite hostname="LAPTOP-3OP0LBRD" failures="0" tests="10" name="com.telecomdomain.Telecomdomainproject" time="17.844" errors="0" timestamp="2025-07-02T21:44:33 IST" skipped="0">
  <testcase classname="com.telecomdomain.Telecomdomainproject" name="TC01_newuser" time="5.089"/>
  <testcase classname="com.telecomdomain.Telecomdomainproject" name="TC02_getuser" time="2.006"/>
  <testcase classname="com.telecomdomain.Telecomdomainproject" name="TC03_updateuser" time="1.353"/>
  <testcase classname="com.telecomdomain.Telecomdomainproject" name="TC04_loginuser" time="1.555"/>
  <testcase classname="com.telecomdomain.Telecomdomainproject" name="TC05_addcontact" time="1.332"/>
  <testcase classname="com.telecomdomain.Telecomdomainproject" name="TC06_getcontactlist" time="1.286"/>
  <testcase classname="com.telecomdomain.Telecomdomainproject" name="TC07_getcontact" time="1.567"/>
  <testcase classname="com.telecomdomain.Telecomdomainproject" name="TC08_updatecontact" time="1.248"/>
  <testcase classname="com.telecomdomain.Telecomdomainproject" name="TC09_updatecontact" time="1.170"/>
  <testcase classname="com.telecomdomain.Telecomdomainproject" name="TC10_logoutuser" time="1.238"/>
</testsuite> <!-- com.telecomdomain.Telecomdomainproject -->
