<?xml version="1.0" encoding="UTF-8"?>
<!-- Generated by org.testng.reporters.JUnitReportReporter -->
<testsuite hostname="LAPTOP-3OP0LBRD" failures="0" tests="5" name="com.Ecomm_revised.TC_Login_Shopping_Checkout" time="78.620" errors="0" timestamp="2025-07-22T22:16:20 IST" skipped="0">
  <testcase classname="com.Ecomm_revised.TC_Login_Shopping_Checkout" name="login" time="22.091"/>
  <testcase classname="com.Ecomm_revised.TC_Login_Shopping_Checkout" name="productpage" time="15.321"/>
  <testcase classname="com.Ecomm_revised.TC_Login_Shopping_Checkout" name="cart" time="12.381"/>
  <testcase classname="com.Ecomm_revised.TC_Login_Shopping_Checkout" name="checkout" time="9.660"/>
  <testcase classname="com.Ecomm_revised.TC_Login_Shopping_Checkout" name="emptycheckout" time="19.167"/>
</testsuite> <!-- com.Ecomm_revised.TC_Login_Shopping_Checkout -->
